VRParkour/Temp/gradleOut/unityLibrary/build/outputs/logs/manifest-merger-release-report.txt
-- Merging decision tree log ---
manifest
ADDED from src/main/AndroidManifest.xml:3:1-31:12
INJECTED from src/main/AndroidManifest.xml:3:1-31:12
INJECTED from src/main/AndroidManifest.xml:3:1-31:12
INJECTED from src/main/AndroidManifest.xml:3:1-31:12
INJECTED from src/main/AndroidManifest.xml:3:1-31:12
INJECTED from src/main/AndroidManifest.xml:3:1-31:12
INJECTED from src/main/AndroidManifest.xml:3:1-31:12
	package
		ADDED from src/main/AndroidManifest.xml:3:70-98
		INJECTED from src/main/AndroidManifest.xml
		INJECTED from src/main/AndroidManifest.xml
	android:versionName
		INJECTED from src/main/AndroidManifest.xml
		ADDED from src/main/AndroidManifest.xml:3:1-31:12
		INJECTED from src/main/AndroidManifest.xml
	xmlns:tools
		ADDED from src/main/AndroidManifest.xml:3:99-145
	android:versionCode
		INJECTED from src/main/AndroidManifest.xml
		ADDED from src/main/AndroidManifest.xml:3:1-31:12
		INJECTED from src/main/AndroidManifest.xml
	xmlns:android
		ADDED from src/main/AndroidManifest.xml:3:11-69
	android:installLocation
		ADDED from src/main/AndroidManifest.xml:3:146-176
application
ADDED from src/main/AndroidManifest.xml:4:3-20:17
	android:label
		ADDED from src/main/AndroidManifest.xml:4:16-48
	android:icon
		ADDED from src/main/AndroidManifest.xml:4:49-80
	android:allowBackup
		ADDED from src/main/AndroidManifest.xml:4:81-108
	android:networkSecurityConfig
		ADDED from src/main/AndroidManifest.xml:4:109-164
activity#com.unity3d.player.UnityPlayerActivity
ADDED from src/main/AndroidManifest.xml:5:5-13:16
	android:screenOrientation
		ADDED from src/main/AndroidManifest.xml:5:134-171
	android:launchMode
		ADDED from src/main/AndroidManifest.xml:5:172-203
	android:hardwareAccelerated
		ADDED from src/main/AndroidManifest.xml:5:306-341
	android:configChanges
		ADDED from src/main/AndroidManifest.xml:5:204-305
	android:theme
		ADDED from src/main/AndroidManifest.xml:5:69-133
	android:name
		ADDED from src/main/AndroidManifest.xml:5:15-68
intent-filter#action:name:android.intent.action.MAIN+category:name:android.intent.category.INFO
ADDED from src/main/AndroidManifest.xml:6:7-9:23
action#android.intent.action.MAIN
ADDED from src/main/AndroidManifest.xml:7:9-61
	android:name
		ADDED from src/main/AndroidManifest.xml:7:17-58
category#android.intent.category.INFO
ADDED from src/main/AndroidManifest.xml:8:9-65
	android:name
		ADDED from src/main/AndroidManifest.xml:8:19-62
meta-data#unityplayer.UnityActivity
ADDED from src/main/AndroidManifest.xml:10:7-82
	android:value
		ADDED from src/main/AndroidManifest.xml:10:59-79
	android:name
		ADDED from src/main/AndroidManifest.xml:10:18-58
meta-data#android.notch_support
ADDED from src/main/AndroidManifest.xml:11:7-78
	android:value
		ADDED from src/main/AndroidManifest.xml:11:55-75
	android:name
		ADDED from src/main/AndroidManifest.xml:11:18-54
meta-data#com.oculus.vr.focusaware
ADDED from src/main/AndroidManifest.xml:12:7-81
	android:value
		ADDED from src/main/AndroidManifest.xml:12:58-78
	android:name
		ADDED from src/main/AndroidManifest.xml:12:18-57
meta-data#unity.splash-mode
ADDED from src/main/AndroidManifest.xml:14:5-69
	android:value
		ADDED from src/main/AndroidManifest.xml:14:49-66
	android:name
		ADDED from src/main/AndroidManifest.xml:14:16-48
meta-data#unity.splash-enable
ADDED from src/main/AndroidManifest.xml:15:5-75
	android:value
		ADDED from src/main/AndroidManifest.xml:15:51-72
	android:name
		ADDED from src/main/AndroidManifest.xml:15:16-50
meta-data#notch.config
ADDED from src/main/AndroidManifest.xml:16:5-81
	android:value
		ADDED from src/main/AndroidManifest.xml:16:44-78
	android:name
		ADDED from src/main/AndroidManifest.xml:16:16-43
meta-data#unity.build-id
ADDED from src/main/AndroidManifest.xml:17:5-101
	android:value
		ADDED from src/main/AndroidManifest.xml:17:46-98
	android:name
		ADDED from src/main/AndroidManifest.xml:17:16-45
meta-data#com.samsung.android.vr.application.mode
ADDED from src/main/AndroidManifest.xml:18:5-97
	android:value
		ADDED from src/main/AndroidManifest.xml:18:71-94
	android:name
		ADDED from src/main/AndroidManifest.xml:18:16-70
meta-data#com.oculus.supportedDevices
ADDED from src/main/AndroidManifest.xml:19:5-90
	android:value
		ADDED from src/main/AndroidManifest.xml:19:59-87
	android:name
		ADDED from src/main/AndroidManifest.xml:19:16-58
uses-feature#0x00030000
ADDED from src/main/AndroidManifest.xml:21:3-52
	android:glEsVersion
		ADDED from src/main/AndroidManifest.xml:21:17-49
uses-permission#android.permission.INTERNET
ADDED from src/main/AndroidManifest.xml:22:3-65
	android:name
		ADDED from src/main/AndroidManifest.xml:22:20-62
uses-permission#android.permission.RECORD_AUDIO
ADDED from src/main/AndroidManifest.xml:23:3-69
	android:name
		ADDED from src/main/AndroidManifest.xml:23:20-66
uses-permission#android.permission.MODIFY_AUDIO_SETTINGS
ADDED from src/main/AndroidManifest.xml:24:3-78
	android:name
		ADDED from src/main/AndroidManifest.xml:24:20-75
uses-permission#android.permission.BLUETOOTH
ADDED from src/main/AndroidManifest.xml:25:3-66
	android:name
		ADDED from src/main/AndroidManifest.xml:25:20-63
uses-feature#android.hardware.microphone
ADDED from src/main/AndroidManifest.xml:26:3-87
	android:required
		ADDED from src/main/AndroidManifest.xml:26:60-84
	android:name
		ADDED from src/main/AndroidManifest.xml:26:17-59
uses-feature#android.hardware.touchscreen
ADDED from src/main/AndroidManifest.xml:27:3-88
	android:required
		ADDED from src/main/AndroidManifest.xml:27:61-85
	android:name
		ADDED from src/main/AndroidManifest.xml:27:17-60
uses-feature#android.hardware.touchscreen.multitouch
ADDED from src/main/AndroidManifest.xml:28:3-99
	android:required
		ADDED from src/main/AndroidManifest.xml:28:72-96
	android:name
		ADDED from src/main/AndroidManifest.xml:28:17-71
uses-feature#android.hardware.touchscreen.multitouch.distinct
ADDED from src/main/AndroidManifest.xml:29:3-108
	android:required
		ADDED from src/main/AndroidManifest.xml:29:81-105
	android:name
		ADDED from src/main/AndroidManifest.xml:29:17-80
uses-feature#android.hardware.vr.headtracking
ADDED from src/main/AndroidManifest.xml:30:3-111
	android:version
		ADDED from src/main/AndroidManifest.xml:30:89-108
	android:required
		ADDED from src/main/AndroidManifest.xml:30:65-88
	android:name
		ADDED from src/main/AndroidManifest.xml:30:17-64
uses-sdk
INJECTED from src/main/AndroidManifest.xml reason: use-sdk injection requested
INJECTED from src/main/AndroidManifest.xml
INJECTED from src/main/AndroidManifest.xml
INJECTED from src/main/AndroidManifest.xml
INJECTED from src/main/AndroidManifest.xml
	android:targetSdkVersion
		INJECTED from src/main/AndroidManifest.xml
		ADDED from src/main/AndroidManifest.xml
		INJECTED from src/main/AndroidManifest.xml
	android:minSdkVersion
		INJECTED from src/main/AndroidManifest.xml
		ADDED from src/main/AndroidManifest.xml
		INJECTED from src/main/AndroidManifest.xml